{
  "stats": {
    "suites": 1,
    "tests": 1,
    "passes": 1,
    "pending": 0,
    "failures": 0,
    "start": "2024-02-20T09:38:23.581Z",
    "end": "2024-02-20T09:38:48.083Z",
    "duration": 24502,
    "testsRegistered": 1,
    "passPercent": 100,
    "pendingPercent": 0,
    "other": 0,
    "hasOther": false,
    "skipped": 0,
    "hasSkipped": false
  },
  "results": [
    {
      "uuid": "b51df31e-d386-4654-8954-be8a53051e0f",
      "title": "",
      "fullFile": "cypress\\e2e\\3-FixturessampleFiles\\fixtures exm1.cy.js",
      "file": "cypress\\e2e\\3-FixturessampleFiles\\fixtures exm1.cy.js",
      "beforeHooks": [],
      "afterHooks": [],
      "tests": [],
      "suites": [
        {
          "uuid": "53a42cc8-e497-4b87-a5ef-bc76dfdbb907",
          "title": "Fixture example",
          "fullFile": "",
          "file": "",
          "beforeHooks": [],
          "afterHooks": [],
          "tests": [
            {
              "title": "user already rigster",
              "fullTitle": "Fixture example user already rigster",
              "timedOut": null,
              "duration": 19593,
              "state": "passed",
              "speed": "slow",
              "pass": true,
              "fail": false,
              "pending": false,
              "context": "{\n  \"title\": \"cypress-mochawesome-reporter-videos-passed\",\n  \"value\": \"cypress\\\\e2e\\\\3-FixturessampleFiles\\\\fixtures exm1.cy.js\"\n}",
              "code": "cy.visit('https://shop.demoqa.com/my-account/');\ncy.get(\"#reg_username\").type(_rigdata.default.username);\ncy.get(\"#reg_email\").type(_rigdata.default.email);\ncy.get(\"#reg_password\").type(_rigdata.default.Weakpassword);\ncy.get(\".woocommerce-Button\").should(\"be.disabled\");\n//or\ncy.get(\".woocommerce-Button\").should(\"have.attr\", \"disabled\", \"disabled\");\n// cy.get(\"#reg_password\").clear()\n// cy.get(\"#reg_password\").type(rigdata.strongpassword)\n// or\ncy.get(\"#reg_password\").clear().type(_rigdata.default.strongpassword);\ncy.get(\".show-password-input\").click;\ncy.wait(10000);\ncy.get(\".woocommerce-Button\").click();\ncy.get(\"#username\").should(\"have.attr\", \"value\", _rigdata.default.username);\n//or\ncy.get(\"#username\").should(\"have.value\", _rigdata.default.username);\ncy.contains(\"Error:\").should(\"be.visible\");",
              "err": {},
              "uuid": "c821ac86-d742-49e9-bb83-1bd8cfcfe6b8",
              "parentUUID": "53a42cc8-e497-4b87-a5ef-bc76dfdbb907",
              "isHook": false,
              "skipped": false
            }
          ],
          "suites": [],
          "passes": [
            "c821ac86-d742-49e9-bb83-1bd8cfcfe6b8"
          ],
          "failures": [],
          "pending": [],
          "skipped": [],
          "duration": 19593,
          "root": false,
          "rootEmpty": false,
          "_timeout": 2000
        }
      ],
      "passes": [],
      "failures": [],
      "pending": [],
      "skipped": [],
      "duration": 0,
      "root": true,
      "rootEmpty": true,
      "_timeout": 2000
    }
  ],
  "meta": {
    "mocha": {
      "version": "7.0.1"
    },
    "mochawesome": {
      "options": {
        "quiet": false,
        "reportFilename": "mochawesome",
        "saveHtml": false,
        "saveJson": true,
        "consoleReporter": "spec",
        "useInlineDiffs": false,
        "code": true
      },
      "version": "7.1.3"
    },
    "marge": {
      "options": {
        "charts": true,
        "reportPageTitle": "custom-title",
        "embeddedScreenshots": true,
        "inlineAssets": true,
        "saveAllAttempts": false,
        "overwrite": false,
        "html": false,
        "json": true,
        "reportDir": "cypress\\reports\\html\\.jsons"
      },
      "version": "6.2.0"
    }
  }
}